<?xml version="1.0" encoding="utf-8" standalone="no"?>
<!--This file represents the results of running a test suite-->
<test-results name="C:\Users\Ayokian\Desktop\trinitycrminternal\UnitTesting\UnitTesting.nunit" total="1" errors="0" failures="0" not-run="0" inconclusive="0" ignored="0" skipped="0" invalid="0" date="2011-05-24" time="17:20:21">
  <environment nunit-version="2.5.9.10348" clr-version="2.0.50727.4959" os-version="Microsoft Windows NT 6.1.7600.0" platform="Win32NT" cwd="C:\Program Files (x86)\NUnit 2.5.9\bin\net-2.0" machine-name="AYOKIAN-PC" user="Ayokian" user-domain="Ayokian-PC" />
  <culture-info current-culture="en-US" current-uiculture="en-US" />
  <test-suite type="Project" name="C:\Users\Ayokian\Desktop\trinitycrminternal\UnitTesting\UnitTesting.nunit" executed="True" result="Success" success="True" time="1.327" asserts="0">
    <results>
      <test-suite type="Assembly" name="C:\Users\Ayokian\Desktop\trinitycrminternal\UnitTesting\bin\Debug\UnitTesting.dll" executed="True" result="Success" success="True" time="1.277" asserts="0">
        <results>
          <test-suite type="Namespace" name="UnitTesting" executed="True" result="Success" success="True" time="1.274" asserts="0">
            <results>
              <test-suite type="Namespace" name="DataTesting" executed="True" result="Success" success="True" time="1.270" asserts="0">
                <results>
                  <test-suite type="Namespace" name="StaticRepositories" executed="True" result="Success" success="True" time="1.259" asserts="0">
                    <results>
                      <test-suite type="TestFixture" name="StaticAccountRepositoryTest" executed="True" result="Success" success="True" time="1.219" asserts="0">
                        <results>
                          <test-case name="UnitTesting.DataTesting.StaticRepositories.StaticAccountRepositoryTest.DeleteAccounts" executed="True" result="Success" success="True" time="1.128" asserts="1" />
                        </results>
                      </test-suite>
                    </results>
                  </test-suite>
                </results>
              </test-suite>
            </results>
          </test-suite>
        </results>
      </test-suite>
    </results>
  </test-suite>
</test-results>